<?xml version="1.0" encoding="UTF-8"?>
<testng-results skipped="0" failed="0" ignored="0" total="1" passed="1">
  <reporter-output>
  </reporter-output>
  <suite name="Default suite" duration-ms="19283" started-at="2020-06-22T05:31:28 IST" finished-at="2020-06-22T05:31:47 IST">
    <groups>
    </groups>
    <test name="Default test" duration-ms="19283" started-at="2020-06-22T05:31:28 IST" finished-at="2020-06-22T05:31:47 IST">
      <class name="Testing.TravelSite.Testing">
        <test-method status="PASS" signature="login()[pri:0, instance:Testing.TravelSite.Testing@6321e813]" name="login" duration-ms="19208" started-at="2020-06-22T05:31:28 IST" finished-at="2020-06-22T05:31:47 IST">
          <reporter-output>
          </reporter-output>
        </test-method> <!-- login -->
      </class> <!-- Testing.TravelSite.Testing -->
    </test> <!-- Default test -->
  </suite> <!-- Default suite -->
</testng-results>
